<?xml version="1.0" encoding="UTF-8"?>
<!-- Generated by org.testng.reporters.JUnitReportReporter -->
<testsuite hostname="DESKTOP-A8DG1E5" failures="0" tests="1" name="seleniumStreamsPracticeProject.PaginationHandling" time="4.832" errors="0" timestamp="2023-11-22T00:34:30 IST" skipped="0">
  <testcase classname="seleniumStreamsPracticeProject.PaginationHandling" name="getPricing" time="4.832"/>
</testsuite> <!-- seleniumStreamsPracticeProject.PaginationHandling -->
