<?xml version="1.0" encoding="UTF-8"?>
<!-- Generated by org.testng.reporters.JUnitReportReporter -->
<testsuite hostname="DESKTOP-A8DG1E5" failures="0" tests="9" name="testngpractice.TestNgPractice" time="0.020" errors="0" timestamp="2023-11-24T01:54:09 IST" skipped="0">
  <testcase classname="testngpractice.TestNgPractice" name="truckTest" time="0.002"/>
  <testcase classname="testngpractice.TestNgPractice" name="availability" time="0.001"/>
  <testcase classname="testngpractice.TestNgPractice" name="availability" time="0.002"/>
  <testcase classname="testngpractice.TestNgPractice" name="availability" time="0.002"/>
  <testcase classname="testngpractice.TestNgPractice" name="carTest" time="0.001"/>
  <testcase classname="testngpractice.TestNgPractice" name="availability" time="0.002"/>
  <testcase classname="testngpractice.TestNgPractice" name="availability" time="0.007"/>
  <testcase classname="testngpractice.TestNgPractice" name="bikeTest" time="0.001"/>
  <testcase classname="testngpractice.TestNgPractice" name="availability" time="0.002"/>
</testsuite> <!-- testngpractice.TestNgPractice -->
