<?xml version="1.0" encoding="UTF-8"?>
<!-- Generated by org.testng.reporters.JUnitReportReporter -->
<testsuite hostname="DESKTOP-A8DG1E5" failures="0" tests="1" name="extentReports.ExtentReportsDemo" time="4.897" errors="0" timestamp="2023-12-17T20:17:11 IST" skipped="0">
  <testcase classname="extentReports.ExtentReportsDemo" name="getReport" time="4.897"/>
</testsuite> <!-- extentReports.ExtentReportsDemo -->
